<?xml version="1.0" encoding="UTF-8"?>
<testsuite xmlns:xsi="http://www.w3.org/2001/XMLSchema-instance" xsi:noNamespaceSchemaLocation="https://maven.apache.org/surefire/maven-surefire-plugin/xsd/surefire-test-report-3.0.xsd" version="3.0" name="Test.JunitRunnerTest" time="59.89" tests="1" errors="0" skipped="0" failures="0">
  <properties>
    <property name="java.specification.version" value="15"/>
    <property name="sun.jnu.encoding" value="UTF-8"/>
    <property name="java.class.path" value="/Users/jodi/Downloads/Jodi/magento2/target/test-classes:/Users/jodi/Downloads/Jodi/magento2/target/classes:/Users/jodi/.m2/repository/org/seleniumhq/selenium/selenium-java/3.141.59/selenium-java-3.141.59.jar:/Users/jodi/.m2/repository/org/seleniumhq/selenium/selenium-api/3.141.59/selenium-api-3.141.59.jar:/Users/jodi/.m2/repository/org/seleniumhq/selenium/selenium-chrome-driver/3.141.59/selenium-chrome-driver-3.141.59.jar:/Users/jodi/.m2/repository/org/seleniumhq/selenium/selenium-edge-driver/3.141.59/selenium-edge-driver-3.141.59.jar:/Users/jodi/.m2/repository/org/seleniumhq/selenium/selenium-ie-driver/3.141.59/selenium-ie-driver-3.141.59.jar:/Users/jodi/.m2/repository/org/seleniumhq/selenium/selenium-opera-driver/3.141.59/selenium-opera-driver-3.141.59.jar:/Users/jodi/.m2/repository/org/seleniumhq/selenium/selenium-remote-driver/3.141.59/selenium-remote-driver-3.141.59.jar:/Users/jodi/.m2/repository/org/seleniumhq/selenium/selenium-safari-driver/3.141.59/selenium-safari-driver-3.141.59.jar:/Users/jodi/.m2/repository/org/seleniumhq/selenium/selenium-support/3.141.59/selenium-support-3.141.59.jar:/Users/jodi/.m2/repository/net/bytebuddy/byte-buddy/1.8.15/byte-buddy-1.8.15.jar:/Users/jodi/.m2/repository/org/apache/commons/commons-exec/1.3/commons-exec-1.3.jar:/Users/jodi/.m2/repository/com/google/guava/guava/25.0-jre/guava-25.0-jre.jar:/Users/jodi/.m2/repository/com/google/code/findbugs/jsr305/1.3.9/jsr305-1.3.9.jar:/Users/jodi/.m2/repository/org/checkerframework/checker-compat-qual/2.0.0/checker-compat-qual-2.0.0.jar:/Users/jodi/.m2/repository/com/google/errorprone/error_prone_annotations/2.1.3/error_prone_annotations-2.1.3.jar:/Users/jodi/.m2/repository/com/google/j2objc/j2objc-annotations/1.1/j2objc-annotations-1.1.jar:/Users/jodi/.m2/repository/org/codehaus/mojo/animal-sniffer-annotations/1.14/animal-sniffer-annotations-1.14.jar:/Users/jodi/.m2/repository/com/squareup/okhttp3/okhttp/3.11.0/okhttp-3.11.0.jar:/Users/jodi/.m2/repository/com/squareup/okio/okio/1.14.0/okio-1.14.0.jar:/Users/jodi/.m2/repository/io/cucumber/cucumber-java/6.10.4/cucumber-java-6.10.4.jar:/Users/jodi/.m2/repository/io/cucumber/cucumber-core/6.10.4/cucumber-core-6.10.4.jar:/Users/jodi/.m2/repository/io/cucumber/cucumber-gherkin/6.10.4/cucumber-gherkin-6.10.4.jar:/Users/jodi/.m2/repository/io/cucumber/cucumber-gherkin-messages/6.10.4/cucumber-gherkin-messages-6.10.4.jar:/Users/jodi/.m2/repository/io/cucumber/messages/15.0.0/messages-15.0.0.jar:/Users/jodi/.m2/repository/io/cucumber/tag-expressions/3.0.1/tag-expressions-3.0.1.jar:/Users/jodi/.m2/repository/io/cucumber/cucumber-expressions/10.3.0/cucumber-expressions-10.3.0.jar:/Users/jodi/.m2/repository/io/cucumber/datatable/3.5.0/datatable-3.5.0.jar:/Users/jodi/.m2/repository/io/cucumber/cucumber-plugin/6.10.4/cucumber-plugin-6.10.4.jar:/Users/jodi/.m2/repository/io/cucumber/docstring/6.10.4/docstring-6.10.4.jar:/Users/jodi/.m2/repository/io/cucumber/html-formatter/13.0.0/html-formatter-13.0.0.jar:/Users/jodi/.m2/repository/io/cucumber/create-meta/4.0.0/create-meta-4.0.0.jar:/Users/jodi/.m2/repository/org/apiguardian/apiguardian-api/1.1.1/apiguardian-api-1.1.1.jar:/Users/jodi/.m2/repository/junit/junit/4.13.2/junit-4.13.2.jar:/Users/jodi/.m2/repository/org/hamcrest/hamcrest-core/1.3/hamcrest-core-1.3.jar:/Users/jodi/.m2/repository/net/serenity-bdd/serenity-core/2.5.8/serenity-core-2.5.8.jar:/Users/jodi/.m2/repository/net/serenity-bdd/serenity-model/2.5.8/serenity-model-2.5.8.jar:/Users/jodi/.m2/repository/org/apache/commons/commons-text/1.9/commons-text-1.9.jar:/Users/jodi/.m2/repository/commons-net/commons-net/3.6/commons-net-3.6.jar:/Users/jodi/.m2/repository/com/google/inject/guice/5.0.1/guice-5.0.1.jar:/Users/jodi/.m2/repository/javax/inject/javax.inject/1/javax.inject-1.jar:/Users/jodi/.m2/repository/aopalliance/aopalliance/1.0/aopalliance-1.0.jar:/Users/jodi/.m2/repository/org/jsoup/jsoup/1.13.1/jsoup-1.13.1.jar:/Users/jodi/.m2/repository/com/thoughtworks/xstream/xstream/1.4.17/xstream-1.4.17.jar:/Users/jodi/.m2/repository/io/github/x-stream/mxparser/1.2.1/mxparser-1.2.1.jar:/Users/jodi/.m2/repository/xmlpull/xmlpull/1.1.3.1/xmlpull-1.1.3.1.jar:/Users/jodi/.m2/repository/com/typesafe/config/1.3.1/config-1.3.1.jar:/Users/jodi/.m2/repository/org/imgscalr/imgscalr-lib/4.2/imgscalr-lib-4.2.jar:/Users/jodi/.m2/repository/org/awaitility/awaitility/4.0.3/awaitility-4.0.3.jar:/Users/jodi/.m2/repository/org/freemarker/freemarker/2.3.29/freemarker-2.3.29.jar:/Users/jodi/.m2/repository/net/sourceforge/jexcelapi/jxl/2.6.12/jxl-2.6.12.jar:/Users/jodi/.m2/repository/org/asciidoctor/asciidoctorj/2.5.1/asciidoctorj-2.5.1.jar:/Users/jodi/.m2/repository/org/asciidoctor/asciidoctorj-api/2.5.1/asciidoctorj-api-2.5.1.jar:/Users/jodi/.m2/repository/org/jruby/jruby/9.2.17.0/jruby-9.2.17.0.jar:/Users/jodi/.m2/repository/org/jruby/jruby-core/9.2.17.0/jruby-core-9.2.17.0.jar:/Users/jodi/.m2/repository/com/github/jnr/jnr-netdb/1.2.0/jnr-netdb-1.2.0.jar:/Users/jodi/.m2/repository/com/github/jnr/jnr-enxio/0.32.3/jnr-enxio-0.32.3.jar:/Users/jodi/.m2/repository/com/github/jnr/jnr-unixsocket/0.38.5/jnr-unixsocket-0.38.5.jar:/Users/jodi/.m2/repository/com/github/jnr/jnr-posix/3.1.4/jnr-posix-3.1.4.jar:/Users/jodi/.m2/repository/com/github/jnr/jnr-constants/0.10.1/jnr-constants-0.10.1.jar:/Users/jodi/.m2/repository/com/github/jnr/jffi/1.3.1/jffi-1.3.1.jar:/Users/jodi/.m2/repository/com/github/jnr/jffi/1.3.1/jffi-1.3.1-native.jar:/Users/jodi/.m2/repository/org/jruby/joni/joni/2.1.31/joni-2.1.31.jar:/Users/jodi/.m2/repository/org/jruby/jcodings/jcodings/1.0.46/jcodings-1.0.46.jar:/Users/jodi/.m2/repository/org/jruby/dirgra/0.3/dirgra-0.3.jar:/Users/jodi/.m2/repository/com/headius/invokebinder/1.11/invokebinder-1.11.jar:/Users/jodi/.m2/repository/com/headius/options/1.4/options-1.4.jar:/Users/jodi/.m2/repository/com/jcraft/jzlib/1.1.3/jzlib-1.1.3.jar:/Users/jodi/.m2/repository/com/martiansoftware/nailgun-server/0.9.1/nailgun-server-0.9.1.jar:/Users/jodi/.m2/repository/com/headius/backport9/1.8/backport9-1.8.jar:/Users/jodi/.m2/repository/javax/annotation/javax.annotation-api/1.3.1/javax.annotation-api-1.3.1.jar:/Users/jodi/.m2/repository/org/jruby/jruby-stdlib/9.2.17.0/jruby-stdlib-9.2.17.0.jar:/Users/jodi/.m2/repository/net/bytebuddy/byte-buddy-agent/1.11.1/byte-buddy-agent-1.11.1.jar:/Users/jodi/.m2/repository/org/objenesis/objenesis/3.1/objenesis-3.1.jar:/Users/jodi/.m2/repository/net/serenity-bdd/serenity-reports/2.5.8/serenity-reports-2.5.8.jar:/Users/jodi/.m2/repository/net/serenity-bdd/serenity-stats/2.5.8/serenity-stats-2.5.8.jar:/Users/jodi/.m2/repository/org/jetbrains/kotlin/kotlin-stdlib/1.5.0/kotlin-stdlib-1.5.0.jar:/Users/jodi/.m2/repository/org/jetbrains/annotations/13.0/annotations-13.0.jar:/Users/jodi/.m2/repository/org/jetbrains/kotlin/kotlin-stdlib-common/1.5.0/kotlin-stdlib-common-1.5.0.jar:/Users/jodi/.m2/repository/net/serenity-bdd/serenity-reports-configuration/2.5.8/serenity-reports-configuration-2.5.8.jar:/Users/jodi/.m2/repository/com/vladsch/flexmark/flexmark-all/0.34.30/flexmark-all-0.34.30.jar:/Users/jodi/.m2/repository/com/vladsch/flexmark/flexmark/0.34.30/flexmark-0.34.30.jar:/Users/jodi/.m2/repository/com/vladsch/flexmark/flexmark-ext-abbreviation/0.34.30/flexmark-ext-abbreviation-0.34.30.jar:/Users/jodi/.m2/repository/com/vladsch/flexmark/flexmark-ext-admonition/0.34.30/flexmark-ext-admonition-0.34.30.jar:/Users/jodi/.m2/repository/com/vladsch/flexmark/flexmark-ext-anchorlink/0.34.30/flexmark-ext-anchorlink-0.34.30.jar:/Users/jodi/.m2/repository/com/vladsch/flexmark/flexmark-ext-aside/0.34.30/flexmark-ext-aside-0.34.30.jar:/Users/jodi/.m2/repository/com/vladsch/flexmark/flexmark-ext-attributes/0.34.30/flexmark-ext-attributes-0.34.30.jar:/Users/jodi/.m2/repository/com/vladsch/flexmark/flexmark-ext-autolink/0.34.30/flexmark-ext-autolink-0.34.30.jar:/Users/jodi/.m2/repository/org/nibor/autolink/autolink/0.6.0/autolink-0.6.0.jar:/Users/jodi/.m2/repository/com/vladsch/flexmark/flexmark-ext-definition/0.34.30/flexmark-ext-definition-0.34.30.jar:/Users/jodi/.m2/repository/com/vladsch/flexmark/flexmark-ext-emoji/0.34.30/flexmark-ext-emoji-0.34.30.jar:/Users/jodi/.m2/repository/com/vladsch/flexmark/flexmark-ext-enumerated-reference/0.34.30/flexmark-ext-enumerated-reference-0.34.30.jar:/Users/jodi/.m2/repository/com/vladsch/flexmark/flexmark-ext-escaped-character/0.34.30/flexmark-ext-escaped-character-0.34.30.jar:/Users/jodi/.m2/repository/com/vladsch/flexmark/flexmark-ext-footnotes/0.34.30/flexmark-ext-footnotes-0.34.30.jar:/Users/jodi/.m2/repository/com/vladsch/flexmark/flexmark-ext-gfm-issues/0.34.30/flexmark-ext-gfm-issues-0.34.30.jar:/Users/jodi/.m2/repository/com/vladsch/flexmark/flexmark-ext-gfm-strikethrough/0.34.30/flexmark-ext-gfm-strikethrough-0.34.30.jar:/Users/jodi/.m2/repository/com/vladsch/flexmark/flexmark-ext-gfm-tables/0.34.30/flexmark-ext-gfm-tables-0.34.30.jar:/Users/jodi/.m2/repository/com/vladsch/flexmark/flexmark-ext-gfm-tasklist/0.34.30/flexmark-ext-gfm-tasklist-0.34.30.jar:/Users/jodi/.m2/repository/com/vladsch/flexmark/flexmark-ext-gfm-users/0.34.30/flexmark-ext-gfm-users-0.34.30.jar:/Users/jodi/.m2/repository/com/vladsch/flexmark/flexmark-ext-gitlab/0.34.30/flexmark-ext-gitlab-0.34.30.jar:/Users/jodi/.m2/repository/com/vladsch/flexmark/flexmark-ext-jekyll-front-matter/0.34.30/flexmark-ext-jekyll-front-matter-0.34.30.jar:/Users/jodi/.m2/repository/com/vladsch/flexmark/flexmark-ext-jekyll-tag/0.34.30/flexmark-ext-jekyll-tag-0.34.30.jar:/Users/jodi/.m2/repository/com/vladsch/flexmark/flexmark-ext-media-tags/0.34.30/flexmark-ext-media-tags-0.34.30.jar:/Users/jodi/.m2/repository/com/vladsch/flexmark/flexmark-test-util/0.34.30/flexmark-test-util-0.34.30.jar:/Users/jodi/.m2/repository/com/vladsch/flexmark/flexmark-ext-ins/0.34.30/flexmark-ext-ins-0.34.30.jar:/Users/jodi/.m2/repository/com/vladsch/flexmark/flexmark-ext-xwiki-macros/0.34.30/flexmark-ext-xwiki-macros-0.34.30.jar:/Users/jodi/.m2/repository/com/vladsch/flexmark/flexmark-ext-superscript/0.34.30/flexmark-ext-superscript-0.34.30.jar:/Users/jodi/.m2/repository/com/vladsch/flexmark/flexmark-ext-tables/0.34.30/flexmark-ext-tables-0.34.30.jar:/Users/jodi/.m2/repository/com/vladsch/flexmark/flexmark-ext-toc/0.34.30/flexmark-ext-toc-0.34.30.jar:/Users/jodi/.m2/repository/com/vladsch/flexmark/flexmark-ext-typographic/0.34.30/flexmark-ext-typographic-0.34.30.jar:/Users/jodi/.m2/repository/com/vladsch/flexmark/flexmark-ext-wikilink/0.34.30/flexmark-ext-wikilink-0.34.30.jar:/Users/jodi/.m2/repository/com/vladsch/flexmark/flexmark-ext-yaml-front-matter/0.34.30/flexmark-ext-yaml-front-matter-0.34.30.jar:/Users/jodi/.m2/repository/com/vladsch/flexmark/flexmark-ext-youtube-embedded/0.34.30/flexmark-ext-youtube-embedded-0.34.30.jar:/Users/jodi/.m2/repository/com/vladsch/flexmark/flexmark-formatter/0.34.30/flexmark-formatter-0.34.30.jar:/Users/jodi/.m2/repository/com/vladsch/flexmark/flexmark-html-parser/0.34.30/flexmark-html-parser-0.34.30.jar:/Users/jodi/.m2/repository/com/vladsch/flexmark/flexmark-jira-converter/0.34.30/flexmark-jira-converter-0.34.30.jar:/Users/jodi/.m2/repository/com/vladsch/flexmark/flexmark-pdf-converter/0.34.30/flexmark-pdf-converter-0.34.30.jar:/Users/jodi/.m2/repository/com/openhtmltopdf/openhtmltopdf-core/0.0.1-RC13/openhtmltopdf-core-0.0.1-RC13.jar:/Users/jodi/.m2/repository/com/openhtmltopdf/openhtmltopdf-pdfbox/0.0.1-RC13/openhtmltopdf-pdfbox-0.0.1-RC13.jar:/Users/jodi/.m2/repository/org/apache/pdfbox/pdfbox/2.0.8/pdfbox-2.0.8.jar:/Users/jodi/.m2/repository/org/apache/pdfbox/fontbox/2.0.8/fontbox-2.0.8.jar:/Users/jodi/.m2/repository/org/apache/pdfbox/xmpbox/2.0.8/xmpbox-2.0.8.jar:/Users/jodi/.m2/repository/de/rototor/pdfbox/graphics2d/0.12/graphics2d-0.12.jar:/Users/jodi/.m2/repository/com/openhtmltopdf/openhtmltopdf-rtl-support/0.0.1-RC13/openhtmltopdf-rtl-support-0.0.1-RC13.jar:/Users/jodi/.m2/repository/com/ibm/icu/icu4j/59.1/icu4j-59.1.jar:/Users/jodi/.m2/repository/com/openhtmltopdf/openhtmltopdf-jsoup-dom-converter/0.0.1-RC13/openhtmltopdf-jsoup-dom-converter-0.0.1-RC13.jar:/Users/jodi/.m2/repository/com/vladsch/flexmark/flexmark-profile-pegdown/0.34.30/flexmark-profile-pegdown-0.34.30.jar:/Users/jodi/.m2/repository/com/vladsch/flexmark/flexmark-util/0.34.30/flexmark-util-0.34.30.jar:/Users/jodi/.m2/repository/com/vladsch/flexmark/flexmark-youtrack-converter/0.34.30/flexmark-youtrack-converter-0.34.30.jar:/Users/jodi/.m2/repository/es/nitaur/markdown/txtmark/0.16/txtmark-0.16.jar:/Users/jodi/.m2/repository/net/serenity-bdd/serenity-report-resources/2.5.8/serenity-report-resources-2.5.8.jar:/Users/jodi/.m2/repository/com/google/code/gson/gson/2.8.7/gson-2.8.7.jar:/Users/jodi/.m2/repository/com/fasterxml/jackson/core/jackson-core/2.12.4/jackson-core-2.12.4.jar:/Users/jodi/.m2/repository/com/fasterxml/jackson/core/jackson-databind/2.12.4/jackson-databind-2.12.4.jar:/Users/jodi/.m2/repository/com/fasterxml/jackson/core/jackson-annotations/2.12.4/jackson-annotations-2.12.4.jar:/Users/jodi/.m2/repository/commons-codec/commons-codec/1.15/commons-codec-1.15.jar:/Users/jodi/.m2/repository/commons-io/commons-io/2.8.0/commons-io-2.8.0.jar:/Users/jodi/.m2/repository/org/seleniumhq/selenium/selenium-server/3.141.59/selenium-server-3.141.59.jar:/Users/jodi/.m2/repository/com/beust/jcommander/1.72/jcommander-1.72.jar:/Users/jodi/.m2/repository/net/jcip/jcip-annotations/1.0/jcip-annotations-1.0.jar:/Users/jodi/.m2/repository/org/seleniumhq/selenium/jetty-repacked/9.4.12.v20180830/jetty-repacked-9.4.12.v20180830.jar:/Users/jodi/.m2/repository/javax/servlet/javax.servlet-api/3.1.0/javax.servlet-api-3.1.0.jar:/Users/jodi/.m2/repository/org/yaml/snakeyaml/1.19/snakeyaml-1.19.jar:/Users/jodi/.m2/repository/net/sourceforge/htmlunit/htmlunit/2.47.1/htmlunit-2.47.1.jar:/Users/jodi/.m2/repository/xalan/xalan/2.7.2/xalan-2.7.2.jar:/Users/jodi/.m2/repository/xalan/serializer/2.7.2/serializer-2.7.2.jar:/Users/jodi/.m2/repository/org/apache/httpcomponents/httpmime/4.5.13/httpmime-4.5.13.jar:/Users/jodi/.m2/repository/org/apache/httpcomponents/httpclient/4.5.13/httpclient-4.5.13.jar:/Users/jodi/.m2/repository/org/apache/httpcomponents/httpcore/4.4.13/httpcore-4.4.13.jar:/Users/jodi/.m2/repository/net/sourceforge/htmlunit/htmlunit-core-js/2.47.0/htmlunit-core-js-2.47.0.jar:/Users/jodi/.m2/repository/net/sourceforge/htmlunit/neko-htmlunit/2.47.1/neko-htmlunit-2.47.1.jar:/Users/jodi/.m2/repository/xerces/xercesImpl/2.12.0/xercesImpl-2.12.0.jar:/Users/jodi/.m2/repository/xml-apis/xml-apis/1.4.01/xml-apis-1.4.01.jar:/Users/jodi/.m2/repository/net/sourceforge/htmlunit/htmlunit-cssparser/1.7.0/htmlunit-cssparser-1.7.0.jar:/Users/jodi/.m2/repository/org/brotli/dec/0.1.2/dec-0.1.2.jar:/Users/jodi/.m2/repository/com/shapesecurity/salvation2/3.0.0/salvation2-3.0.0.jar:/Users/jodi/.m2/repository/org/eclipse/jetty/websocket/websocket-client/9.4.36.v20210114/websocket-client-9.4.36.v20210114.jar:/Users/jodi/.m2/repository/org/eclipse/jetty/jetty-client/9.4.36.v20210114/jetty-client-9.4.36.v20210114.jar:/Users/jodi/.m2/repository/org/eclipse/jetty/jetty-http/9.4.36.v20210114/jetty-http-9.4.36.v20210114.jar:/Users/jodi/.m2/repository/org/eclipse/jetty/jetty-util/9.4.36.v20210114/jetty-util-9.4.36.v20210114.jar:/Users/jodi/.m2/repository/org/eclipse/jetty/jetty-io/9.4.36.v20210114/jetty-io-9.4.36.v20210114.jar:/Users/jodi/.m2/repository/org/eclipse/jetty/websocket/websocket-common/9.4.36.v20210114/websocket-common-9.4.36.v20210114.jar:/Users/jodi/.m2/repository/org/eclipse/jetty/websocket/websocket-api/9.4.36.v20210114/websocket-api-9.4.36.v20210114.jar:/Users/jodi/.m2/repository/org/projectlombok/lombok/1.18.20/lombok-1.18.20.jar:/Users/jodi/.m2/repository/org/seleniumhq/selenium/htmlunit-driver/2.47.1/htmlunit-driver-2.47.1.jar:/Users/jodi/.m2/repository/com/codeborne/phantomjsdriver/1.4.4/phantomjsdriver-1.4.4.jar:/Users/jodi/.m2/repository/io/appium/java-client/7.5.1/java-client-7.5.1.jar:/Users/jodi/.m2/repository/commons-validator/commons-validator/1.7/commons-validator-1.7.jar:/Users/jodi/.m2/repository/commons-digester/commons-digester/2.1/commons-digester-2.1.jar:/Users/jodi/.m2/repository/org/aspectj/aspectjweaver/1.9.6/aspectjweaver-1.9.6.jar:/Users/jodi/.m2/repository/org/codehaus/groovy/groovy/3.0.8/groovy-3.0.8.jar:/Users/jodi/.m2/repository/net/sf/opencsv/opencsv/2.0/opencsv-2.0.jar:/Users/jodi/.m2/repository/commons-beanutils/commons-beanutils/1.9.4/commons-beanutils-1.9.4.jar:/Users/jodi/.m2/repository/org/apache/commons/commons-lang3/3.11/commons-lang3-3.11.jar:/Users/jodi/.m2/repository/commons-collections/commons-collections/3.2.2/commons-collections-3.2.2.jar:/Users/jodi/.m2/repository/org/fluentlenium/fluentlenium-core/0.10.2/fluentlenium-core-0.10.2.jar:/Users/jodi/.m2/repository/io/github/bonigarcia/webdrivermanager/4.4.1/webdrivermanager-4.4.1.jar:/Users/jodi/.m2/repository/org/apache/httpcomponents/client5/httpclient5/5.0.3/httpclient5-5.0.3.jar:/Users/jodi/.m2/repository/org/apache/httpcomponents/core5/httpcore5/5.0.2/httpcore5-5.0.2.jar:/Users/jodi/.m2/repository/org/apache/httpcomponents/core5/httpcore5-h2/5.0.2/httpcore5-h2-5.0.2.jar:/Users/jodi/.m2/repository/org/rauschig/jarchivelib/1.1.0/jarchivelib-1.1.0.jar:/Users/jodi/.m2/repository/org/apache/commons/commons-compress/1.20/commons-compress-1.20.jar:/Users/jodi/.m2/repository/com/jhlabs/filters/2.0.235/filters-2.0.235.jar:/Users/jodi/.m2/repository/com/paulhammant/ngwebdriver/1.1.5/ngwebdriver-1.1.5.jar:/Users/jodi/.m2/repository/joda-time/joda-time/2.8.2/joda-time-2.8.2.jar:/Users/jodi/.m2/repository/org/hamcrest/hamcrest/2.2/hamcrest-2.2.jar:/Users/jodi/.m2/repository/com/google/jimfs/jimfs/1.1/jimfs-1.1.jar:/Users/jodi/.m2/repository/org/mockito/mockito-core/3.3.3/mockito-core-3.3.3.jar:/Users/jodi/.m2/repository/org/assertj/assertj-core/3.18.0/assertj-core-3.18.0.jar:/Users/jodi/.m2/repository/javax/xml/bind/jaxb-api/2.3.1/jaxb-api-2.3.1.jar:/Users/jodi/.m2/repository/javax/activation/javax.activation-api/1.2.0/javax.activation-api-1.2.0.jar:/Users/jodi/.m2/repository/com/sun/xml/bind/jaxb-core/2.3.0.1/jaxb-core-2.3.0.1.jar:/Users/jodi/.m2/repository/com/sun/xml/bind/jaxb-impl/2.3.3/jaxb-impl-2.3.3.jar:/Users/jodi/.m2/repository/jakarta/xml/bind/jakarta.xml.bind-api/2.3.3/jakarta.xml.bind-api-2.3.3.jar:/Users/jodi/.m2/repository/com/sun/activation/jakarta.activation/1.2.2/jakarta.activation-1.2.2.jar:/Users/jodi/.m2/repository/javax/activation/activation/1.1.1/activation-1.1.1.jar:/Users/jodi/.m2/repository/net/serenity-bdd/serenity-cucumber6/2.5.8/serenity-cucumber6-2.5.8.jar:/Users/jodi/.m2/repository/net/serenity-bdd/serenity-screenplay/2.5.8/serenity-screenplay-2.5.8.jar:/Users/jodi/.m2/repository/net/serenity-bdd/serenity-screenplay-webdriver/2.5.8/serenity-screenplay-webdriver-2.5.8.jar:/Users/jodi/.m2/repository/io/cucumber/cucumber-junit/6.10.4/cucumber-junit-6.10.4.jar:/Users/jodi/.m2/repository/io/cucumber/datatable-matchers/3.4.0/datatable-matchers-3.4.0.jar:/Users/jodi/.m2/repository/commons-logging/commons-logging/1.2/commons-logging-1.2.jar:/Users/jodi/.m2/repository/org/apache/commons/commons-csv/1.5/commons-csv-1.5.jar:/Users/jodi/.m2/repository/ch/qos/logback/logback-classic/1.4.7/logback-classic-1.4.7.jar:/Users/jodi/.m2/repository/ch/qos/logback/logback-core/1.4.7/logback-core-1.4.7.jar:/Users/jodi/.m2/repository/org/slf4j/slf4j-api/2.0.4/slf4j-api-2.0.4.jar:/Users/jodi/.m2/repository/org/seleniumhq/selenium/selenium-firefox-driver/3.141.59/selenium-firefox-driver-3.141.59.jar:"/>
    <property name="java.vm.vendor" value="Oracle Corporation"/>
    <property name="sun.arch.data.model" value="64"/>
    <property name="java.vendor.url" value="https://java.oracle.com/"/>
    <property name="os.name" value="Mac OS X"/>
    <property name="java.vm.specification.version" value="15"/>
    <property name="sun.java.launcher" value="SUN_STANDARD"/>
    <property name="user.country" value="ID"/>
    <property name="sun.boot.library.path" value="/Library/Java/JavaVirtualMachines/jdk-15.0.2.jdk/Contents/Home/lib"/>
    <property name="sun.java.command" value="/Users/jodi/Downloads/Jodi/magento2/target/surefire/surefirebooter-20231108221313315_3.jar /Users/jodi/Downloads/Jodi/magento2/target/surefire 2023-11-08T22-13-13_137-jvmRun1 surefire-20231108221313315_1tmp surefire_0-20231108221313315_2tmp"/>
    <property name="http.nonProxyHosts" value="local|*.local|169.254/16|*.169.254/16"/>
    <property name="jdk.debug" value="release"/>
    <property name="surefire.test.class.path" value="/Users/jodi/Downloads/Jodi/magento2/target/test-classes:/Users/jodi/Downloads/Jodi/magento2/target/classes:/Users/jodi/.m2/repository/org/seleniumhq/selenium/selenium-java/3.141.59/selenium-java-3.141.59.jar:/Users/jodi/.m2/repository/org/seleniumhq/selenium/selenium-api/3.141.59/selenium-api-3.141.59.jar:/Users/jodi/.m2/repository/org/seleniumhq/selenium/selenium-chrome-driver/3.141.59/selenium-chrome-driver-3.141.59.jar:/Users/jodi/.m2/repository/org/seleniumhq/selenium/selenium-edge-driver/3.141.59/selenium-edge-driver-3.141.59.jar:/Users/jodi/.m2/repository/org/seleniumhq/selenium/selenium-ie-driver/3.141.59/selenium-ie-driver-3.141.59.jar:/Users/jodi/.m2/repository/org/seleniumhq/selenium/selenium-opera-driver/3.141.59/selenium-opera-driver-3.141.59.jar:/Users/jodi/.m2/repository/org/seleniumhq/selenium/selenium-remote-driver/3.141.59/selenium-remote-driver-3.141.59.jar:/Users/jodi/.m2/repository/org/seleniumhq/selenium/selenium-safari-driver/3.141.59/selenium-safari-driver-3.141.59.jar:/Users/jodi/.m2/repository/org/seleniumhq/selenium/selenium-support/3.141.59/selenium-support-3.141.59.jar:/Users/jodi/.m2/repository/net/bytebuddy/byte-buddy/1.8.15/byte-buddy-1.8.15.jar:/Users/jodi/.m2/repository/org/apache/commons/commons-exec/1.3/commons-exec-1.3.jar:/Users/jodi/.m2/repository/com/google/guava/guava/25.0-jre/guava-25.0-jre.jar:/Users/jodi/.m2/repository/com/google/code/findbugs/jsr305/1.3.9/jsr305-1.3.9.jar:/Users/jodi/.m2/repository/org/checkerframework/checker-compat-qual/2.0.0/checker-compat-qual-2.0.0.jar:/Users/jodi/.m2/repository/com/google/errorprone/error_prone_annotations/2.1.3/error_prone_annotations-2.1.3.jar:/Users/jodi/.m2/repository/com/google/j2objc/j2objc-annotations/1.1/j2objc-annotations-1.1.jar:/Users/jodi/.m2/repository/org/codehaus/mojo/animal-sniffer-annotations/1.14/animal-sniffer-annotations-1.14.jar:/Users/jodi/.m2/repository/com/squareup/okhttp3/okhttp/3.11.0/okhttp-3.11.0.jar:/Users/jodi/.m2/repository/com/squareup/okio/okio/1.14.0/okio-1.14.0.jar:/Users/jodi/.m2/repository/io/cucumber/cucumber-java/6.10.4/cucumber-java-6.10.4.jar:/Users/jodi/.m2/repository/io/cucumber/cucumber-core/6.10.4/cucumber-core-6.10.4.jar:/Users/jodi/.m2/repository/io/cucumber/cucumber-gherkin/6.10.4/cucumber-gherkin-6.10.4.jar:/Users/jodi/.m2/repository/io/cucumber/cucumber-gherkin-messages/6.10.4/cucumber-gherkin-messages-6.10.4.jar:/Users/jodi/.m2/repository/io/cucumber/messages/15.0.0/messages-15.0.0.jar:/Users/jodi/.m2/repository/io/cucumber/tag-expressions/3.0.1/tag-expressions-3.0.1.jar:/Users/jodi/.m2/repository/io/cucumber/cucumber-expressions/10.3.0/cucumber-expressions-10.3.0.jar:/Users/jodi/.m2/repository/io/cucumber/datatable/3.5.0/datatable-3.5.0.jar:/Users/jodi/.m2/repository/io/cucumber/cucumber-plugin/6.10.4/cucumber-plugin-6.10.4.jar:/Users/jodi/.m2/repository/io/cucumber/docstring/6.10.4/docstring-6.10.4.jar:/Users/jodi/.m2/repository/io/cucumber/html-formatter/13.0.0/html-formatter-13.0.0.jar:/Users/jodi/.m2/repository/io/cucumber/create-meta/4.0.0/create-meta-4.0.0.jar:/Users/jodi/.m2/repository/org/apiguardian/apiguardian-api/1.1.1/apiguardian-api-1.1.1.jar:/Users/jodi/.m2/repository/junit/junit/4.13.2/junit-4.13.2.jar:/Users/jodi/.m2/repository/org/hamcrest/hamcrest-core/1.3/hamcrest-core-1.3.jar:/Users/jodi/.m2/repository/net/serenity-bdd/serenity-core/2.5.8/serenity-core-2.5.8.jar:/Users/jodi/.m2/repository/net/serenity-bdd/serenity-model/2.5.8/serenity-model-2.5.8.jar:/Users/jodi/.m2/repository/org/apache/commons/commons-text/1.9/commons-text-1.9.jar:/Users/jodi/.m2/repository/commons-net/commons-net/3.6/commons-net-3.6.jar:/Users/jodi/.m2/repository/com/google/inject/guice/5.0.1/guice-5.0.1.jar:/Users/jodi/.m2/repository/javax/inject/javax.inject/1/javax.inject-1.jar:/Users/jodi/.m2/repository/aopalliance/aopalliance/1.0/aopalliance-1.0.jar:/Users/jodi/.m2/repository/org/jsoup/jsoup/1.13.1/jsoup-1.13.1.jar:/Users/jodi/.m2/repository/com/thoughtworks/xstream/xstream/1.4.17/xstream-1.4.17.jar:/Users/jodi/.m2/repository/io/github/x-stream/mxparser/1.2.1/mxparser-1.2.1.jar:/Users/jodi/.m2/repository/xmlpull/xmlpull/1.1.3.1/xmlpull-1.1.3.1.jar:/Users/jodi/.m2/repository/com/typesafe/config/1.3.1/config-1.3.1.jar:/Users/jodi/.m2/repository/org/imgscalr/imgscalr-lib/4.2/imgscalr-lib-4.2.jar:/Users/jodi/.m2/repository/org/awaitility/awaitility/4.0.3/awaitility-4.0.3.jar:/Users/jodi/.m2/repository/org/freemarker/freemarker/2.3.29/freemarker-2.3.29.jar:/Users/jodi/.m2/repository/net/sourceforge/jexcelapi/jxl/2.6.12/jxl-2.6.12.jar:/Users/jodi/.m2/repository/org/asciidoctor/asciidoctorj/2.5.1/asciidoctorj-2.5.1.jar:/Users/jodi/.m2/repository/org/asciidoctor/asciidoctorj-api/2.5.1/asciidoctorj-api-2.5.1.jar:/Users/jodi/.m2/repository/org/jruby/jruby/9.2.17.0/jruby-9.2.17.0.jar:/Users/jodi/.m2/repository/org/jruby/jruby-core/9.2.17.0/jruby-core-9.2.17.0.jar:/Users/jodi/.m2/repository/com/github/jnr/jnr-netdb/1.2.0/jnr-netdb-1.2.0.jar:/Users/jodi/.m2/repository/com/github/jnr/jnr-enxio/0.32.3/jnr-enxio-0.32.3.jar:/Users/jodi/.m2/repository/com/github/jnr/jnr-unixsocket/0.38.5/jnr-unixsocket-0.38.5.jar:/Users/jodi/.m2/repository/com/github/jnr/jnr-posix/3.1.4/jnr-posix-3.1.4.jar:/Users/jodi/.m2/repository/com/github/jnr/jnr-constants/0.10.1/jnr-constants-0.10.1.jar:/Users/jodi/.m2/repository/com/github/jnr/jffi/1.3.1/jffi-1.3.1.jar:/Users/jodi/.m2/repository/com/github/jnr/jffi/1.3.1/jffi-1.3.1-native.jar:/Users/jodi/.m2/repository/org/jruby/joni/joni/2.1.31/joni-2.1.31.jar:/Users/jodi/.m2/repository/org/jruby/jcodings/jcodings/1.0.46/jcodings-1.0.46.jar:/Users/jodi/.m2/repository/org/jruby/dirgra/0.3/dirgra-0.3.jar:/Users/jodi/.m2/repository/com/headius/invokebinder/1.11/invokebinder-1.11.jar:/Users/jodi/.m2/repository/com/headius/options/1.4/options-1.4.jar:/Users/jodi/.m2/repository/com/jcraft/jzlib/1.1.3/jzlib-1.1.3.jar:/Users/jodi/.m2/repository/com/martiansoftware/nailgun-server/0.9.1/nailgun-server-0.9.1.jar:/Users/jodi/.m2/repository/com/headius/backport9/1.8/backport9-1.8.jar:/Users/jodi/.m2/repository/javax/annotation/javax.annotation-api/1.3.1/javax.annotation-api-1.3.1.jar:/Users/jodi/.m2/repository/org/jruby/jruby-stdlib/9.2.17.0/jruby-stdlib-9.2.17.0.jar:/Users/jodi/.m2/repository/net/bytebuddy/byte-buddy-agent/1.11.1/byte-buddy-agent-1.11.1.jar:/Users/jodi/.m2/repository/org/objenesis/objenesis/3.1/objenesis-3.1.jar:/Users/jodi/.m2/repository/net/serenity-bdd/serenity-reports/2.5.8/serenity-reports-2.5.8.jar:/Users/jodi/.m2/repository/net/serenity-bdd/serenity-stats/2.5.8/serenity-stats-2.5.8.jar:/Users/jodi/.m2/repository/org/jetbrains/kotlin/kotlin-stdlib/1.5.0/kotlin-stdlib-1.5.0.jar:/Users/jodi/.m2/repository/org/jetbrains/annotations/13.0/annotations-13.0.jar:/Users/jodi/.m2/repository/org/jetbrains/kotlin/kotlin-stdlib-common/1.5.0/kotlin-stdlib-common-1.5.0.jar:/Users/jodi/.m2/repository/net/serenity-bdd/serenity-reports-configuration/2.5.8/serenity-reports-configuration-2.5.8.jar:/Users/jodi/.m2/repository/com/vladsch/flexmark/flexmark-all/0.34.30/flexmark-all-0.34.30.jar:/Users/jodi/.m2/repository/com/vladsch/flexmark/flexmark/0.34.30/flexmark-0.34.30.jar:/Users/jodi/.m2/repository/com/vladsch/flexmark/flexmark-ext-abbreviation/0.34.30/flexmark-ext-abbreviation-0.34.30.jar:/Users/jodi/.m2/repository/com/vladsch/flexmark/flexmark-ext-admonition/0.34.30/flexmark-ext-admonition-0.34.30.jar:/Users/jodi/.m2/repository/com/vladsch/flexmark/flexmark-ext-anchorlink/0.34.30/flexmark-ext-anchorlink-0.34.30.jar:/Users/jodi/.m2/repository/com/vladsch/flexmark/flexmark-ext-aside/0.34.30/flexmark-ext-aside-0.34.30.jar:/Users/jodi/.m2/repository/com/vladsch/flexmark/flexmark-ext-attributes/0.34.30/flexmark-ext-attributes-0.34.30.jar:/Users/jodi/.m2/repository/com/vladsch/flexmark/flexmark-ext-autolink/0.34.30/flexmark-ext-autolink-0.34.30.jar:/Users/jodi/.m2/repository/org/nibor/autolink/autolink/0.6.0/autolink-0.6.0.jar:/Users/jodi/.m2/repository/com/vladsch/flexmark/flexmark-ext-definition/0.34.30/flexmark-ext-definition-0.34.30.jar:/Users/jodi/.m2/repository/com/vladsch/flexmark/flexmark-ext-emoji/0.34.30/flexmark-ext-emoji-0.34.30.jar:/Users/jodi/.m2/repository/com/vladsch/flexmark/flexmark-ext-enumerated-reference/0.34.30/flexmark-ext-enumerated-reference-0.34.30.jar:/Users/jodi/.m2/repository/com/vladsch/flexmark/flexmark-ext-escaped-character/0.34.30/flexmark-ext-escaped-character-0.34.30.jar:/Users/jodi/.m2/repository/com/vladsch/flexmark/flexmark-ext-footnotes/0.34.30/flexmark-ext-footnotes-0.34.30.jar:/Users/jodi/.m2/repository/com/vladsch/flexmark/flexmark-ext-gfm-issues/0.34.30/flexmark-ext-gfm-issues-0.34.30.jar:/Users/jodi/.m2/repository/com/vladsch/flexmark/flexmark-ext-gfm-strikethrough/0.34.30/flexmark-ext-gfm-strikethrough-0.34.30.jar:/Users/jodi/.m2/repository/com/vladsch/flexmark/flexmark-ext-gfm-tables/0.34.30/flexmark-ext-gfm-tables-0.34.30.jar:/Users/jodi/.m2/repository/com/vladsch/flexmark/flexmark-ext-gfm-tasklist/0.34.30/flexmark-ext-gfm-tasklist-0.34.30.jar:/Users/jodi/.m2/repository/com/vladsch/flexmark/flexmark-ext-gfm-users/0.34.30/flexmark-ext-gfm-users-0.34.30.jar:/Users/jodi/.m2/repository/com/vladsch/flexmark/flexmark-ext-gitlab/0.34.30/flexmark-ext-gitlab-0.34.30.jar:/Users/jodi/.m2/repository/com/vladsch/flexmark/flexmark-ext-jekyll-front-matter/0.34.30/flexmark-ext-jekyll-front-matter-0.34.30.jar:/Users/jodi/.m2/repository/com/vladsch/flexmark/flexmark-ext-jekyll-tag/0.34.30/flexmark-ext-jekyll-tag-0.34.30.jar:/Users/jodi/.m2/repository/com/vladsch/flexmark/flexmark-ext-media-tags/0.34.30/flexmark-ext-media-tags-0.34.30.jar:/Users/jodi/.m2/repository/com/vladsch/flexmark/flexmark-test-util/0.34.30/flexmark-test-util-0.34.30.jar:/Users/jodi/.m2/repository/com/vladsch/flexmark/flexmark-ext-ins/0.34.30/flexmark-ext-ins-0.34.30.jar:/Users/jodi/.m2/repository/com/vladsch/flexmark/flexmark-ext-xwiki-macros/0.34.30/flexmark-ext-xwiki-macros-0.34.30.jar:/Users/jodi/.m2/repository/com/vladsch/flexmark/flexmark-ext-superscript/0.34.30/flexmark-ext-superscript-0.34.30.jar:/Users/jodi/.m2/repository/com/vladsch/flexmark/flexmark-ext-tables/0.34.30/flexmark-ext-tables-0.34.30.jar:/Users/jodi/.m2/repository/com/vladsch/flexmark/flexmark-ext-toc/0.34.30/flexmark-ext-toc-0.34.30.jar:/Users/jodi/.m2/repository/com/vladsch/flexmark/flexmark-ext-typographic/0.34.30/flexmark-ext-typographic-0.34.30.jar:/Users/jodi/.m2/repository/com/vladsch/flexmark/flexmark-ext-wikilink/0.34.30/flexmark-ext-wikilink-0.34.30.jar:/Users/jodi/.m2/repository/com/vladsch/flexmark/flexmark-ext-yaml-front-matter/0.34.30/flexmark-ext-yaml-front-matter-0.34.30.jar:/Users/jodi/.m2/repository/com/vladsch/flexmark/flexmark-ext-youtube-embedded/0.34.30/flexmark-ext-youtube-embedded-0.34.30.jar:/Users/jodi/.m2/repository/com/vladsch/flexmark/flexmark-formatter/0.34.30/flexmark-formatter-0.34.30.jar:/Users/jodi/.m2/repository/com/vladsch/flexmark/flexmark-html-parser/0.34.30/flexmark-html-parser-0.34.30.jar:/Users/jodi/.m2/repository/com/vladsch/flexmark/flexmark-jira-converter/0.34.30/flexmark-jira-converter-0.34.30.jar:/Users/jodi/.m2/repository/com/vladsch/flexmark/flexmark-pdf-converter/0.34.30/flexmark-pdf-converter-0.34.30.jar:/Users/jodi/.m2/repository/com/openhtmltopdf/openhtmltopdf-core/0.0.1-RC13/openhtmltopdf-core-0.0.1-RC13.jar:/Users/jodi/.m2/repository/com/openhtmltopdf/openhtmltopdf-pdfbox/0.0.1-RC13/openhtmltopdf-pdfbox-0.0.1-RC13.jar:/Users/jodi/.m2/repository/org/apache/pdfbox/pdfbox/2.0.8/pdfbox-2.0.8.jar:/Users/jodi/.m2/repository/org/apache/pdfbox/fontbox/2.0.8/fontbox-2.0.8.jar:/Users/jodi/.m2/repository/org/apache/pdfbox/xmpbox/2.0.8/xmpbox-2.0.8.jar:/Users/jodi/.m2/repository/de/rototor/pdfbox/graphics2d/0.12/graphics2d-0.12.jar:/Users/jodi/.m2/repository/com/openhtmltopdf/openhtmltopdf-rtl-support/0.0.1-RC13/openhtmltopdf-rtl-support-0.0.1-RC13.jar:/Users/jodi/.m2/repository/com/ibm/icu/icu4j/59.1/icu4j-59.1.jar:/Users/jodi/.m2/repository/com/openhtmltopdf/openhtmltopdf-jsoup-dom-converter/0.0.1-RC13/openhtmltopdf-jsoup-dom-converter-0.0.1-RC13.jar:/Users/jodi/.m2/repository/com/vladsch/flexmark/flexmark-profile-pegdown/0.34.30/flexmark-profile-pegdown-0.34.30.jar:/Users/jodi/.m2/repository/com/vladsch/flexmark/flexmark-util/0.34.30/flexmark-util-0.34.30.jar:/Users/jodi/.m2/repository/com/vladsch/flexmark/flexmark-youtrack-converter/0.34.30/flexmark-youtrack-converter-0.34.30.jar:/Users/jodi/.m2/repository/es/nitaur/markdown/txtmark/0.16/txtmark-0.16.jar:/Users/jodi/.m2/repository/net/serenity-bdd/serenity-report-resources/2.5.8/serenity-report-resources-2.5.8.jar:/Users/jodi/.m2/repository/com/google/code/gson/gson/2.8.7/gson-2.8.7.jar:/Users/jodi/.m2/repository/com/fasterxml/jackson/core/jackson-core/2.12.4/jackson-core-2.12.4.jar:/Users/jodi/.m2/repository/com/fasterxml/jackson/core/jackson-databind/2.12.4/jackson-databind-2.12.4.jar:/Users/jodi/.m2/repository/com/fasterxml/jackson/core/jackson-annotations/2.12.4/jackson-annotations-2.12.4.jar:/Users/jodi/.m2/repository/commons-codec/commons-codec/1.15/commons-codec-1.15.jar:/Users/jodi/.m2/repository/commons-io/commons-io/2.8.0/commons-io-2.8.0.jar:/Users/jodi/.m2/repository/org/seleniumhq/selenium/selenium-server/3.141.59/selenium-server-3.141.59.jar:/Users/jodi/.m2/repository/com/beust/jcommander/1.72/jcommander-1.72.jar:/Users/jodi/.m2/repository/net/jcip/jcip-annotations/1.0/jcip-annotations-1.0.jar:/Users/jodi/.m2/repository/org/seleniumhq/selenium/jetty-repacked/9.4.12.v20180830/jetty-repacked-9.4.12.v20180830.jar:/Users/jodi/.m2/repository/javax/servlet/javax.servlet-api/3.1.0/javax.servlet-api-3.1.0.jar:/Users/jodi/.m2/repository/org/yaml/snakeyaml/1.19/snakeyaml-1.19.jar:/Users/jodi/.m2/repository/net/sourceforge/htmlunit/htmlunit/2.47.1/htmlunit-2.47.1.jar:/Users/jodi/.m2/repository/xalan/xalan/2.7.2/xalan-2.7.2.jar:/Users/jodi/.m2/repository/xalan/serializer/2.7.2/serializer-2.7.2.jar:/Users/jodi/.m2/repository/org/apache/httpcomponents/httpmime/4.5.13/httpmime-4.5.13.jar:/Users/jodi/.m2/repository/org/apache/httpcomponents/httpclient/4.5.13/httpclient-4.5.13.jar:/Users/jodi/.m2/repository/org/apache/httpcomponents/httpcore/4.4.13/httpcore-4.4.13.jar:/Users/jodi/.m2/repository/net/sourceforge/htmlunit/htmlunit-core-js/2.47.0/htmlunit-core-js-2.47.0.jar:/Users/jodi/.m2/repository/net/sourceforge/htmlunit/neko-htmlunit/2.47.1/neko-htmlunit-2.47.1.jar:/Users/jodi/.m2/repository/xerces/xercesImpl/2.12.0/xercesImpl-2.12.0.jar:/Users/jodi/.m2/repository/xml-apis/xml-apis/1.4.01/xml-apis-1.4.01.jar:/Users/jodi/.m2/repository/net/sourceforge/htmlunit/htmlunit-cssparser/1.7.0/htmlunit-cssparser-1.7.0.jar:/Users/jodi/.m2/repository/org/brotli/dec/0.1.2/dec-0.1.2.jar:/Users/jodi/.m2/repository/com/shapesecurity/salvation2/3.0.0/salvation2-3.0.0.jar:/Users/jodi/.m2/repository/org/eclipse/jetty/websocket/websocket-client/9.4.36.v20210114/websocket-client-9.4.36.v20210114.jar:/Users/jodi/.m2/repository/org/eclipse/jetty/jetty-client/9.4.36.v20210114/jetty-client-9.4.36.v20210114.jar:/Users/jodi/.m2/repository/org/eclipse/jetty/jetty-http/9.4.36.v20210114/jetty-http-9.4.36.v20210114.jar:/Users/jodi/.m2/repository/org/eclipse/jetty/jetty-util/9.4.36.v20210114/jetty-util-9.4.36.v20210114.jar:/Users/jodi/.m2/repository/org/eclipse/jetty/jetty-io/9.4.36.v20210114/jetty-io-9.4.36.v20210114.jar:/Users/jodi/.m2/repository/org/eclipse/jetty/websocket/websocket-common/9.4.36.v20210114/websocket-common-9.4.36.v20210114.jar:/Users/jodi/.m2/repository/org/eclipse/jetty/websocket/websocket-api/9.4.36.v20210114/websocket-api-9.4.36.v20210114.jar:/Users/jodi/.m2/repository/org/projectlombok/lombok/1.18.20/lombok-1.18.20.jar:/Users/jodi/.m2/repository/org/seleniumhq/selenium/htmlunit-driver/2.47.1/htmlunit-driver-2.47.1.jar:/Users/jodi/.m2/repository/com/codeborne/phantomjsdriver/1.4.4/phantomjsdriver-1.4.4.jar:/Users/jodi/.m2/repository/io/appium/java-client/7.5.1/java-client-7.5.1.jar:/Users/jodi/.m2/repository/commons-validator/commons-validator/1.7/commons-validator-1.7.jar:/Users/jodi/.m2/repository/commons-digester/commons-digester/2.1/commons-digester-2.1.jar:/Users/jodi/.m2/repository/org/aspectj/aspectjweaver/1.9.6/aspectjweaver-1.9.6.jar:/Users/jodi/.m2/repository/org/codehaus/groovy/groovy/3.0.8/groovy-3.0.8.jar:/Users/jodi/.m2/repository/net/sf/opencsv/opencsv/2.0/opencsv-2.0.jar:/Users/jodi/.m2/repository/commons-beanutils/commons-beanutils/1.9.4/commons-beanutils-1.9.4.jar:/Users/jodi/.m2/repository/org/apache/commons/commons-lang3/3.11/commons-lang3-3.11.jar:/Users/jodi/.m2/repository/commons-collections/commons-collections/3.2.2/commons-collections-3.2.2.jar:/Users/jodi/.m2/repository/org/fluentlenium/fluentlenium-core/0.10.2/fluentlenium-core-0.10.2.jar:/Users/jodi/.m2/repository/io/github/bonigarcia/webdrivermanager/4.4.1/webdrivermanager-4.4.1.jar:/Users/jodi/.m2/repository/org/apache/httpcomponents/client5/httpclient5/5.0.3/httpclient5-5.0.3.jar:/Users/jodi/.m2/repository/org/apache/httpcomponents/core5/httpcore5/5.0.2/httpcore5-5.0.2.jar:/Users/jodi/.m2/repository/org/apache/httpcomponents/core5/httpcore5-h2/5.0.2/httpcore5-h2-5.0.2.jar:/Users/jodi/.m2/repository/org/rauschig/jarchivelib/1.1.0/jarchivelib-1.1.0.jar:/Users/jodi/.m2/repository/org/apache/commons/commons-compress/1.20/commons-compress-1.20.jar:/Users/jodi/.m2/repository/com/jhlabs/filters/2.0.235/filters-2.0.235.jar:/Users/jodi/.m2/repository/com/paulhammant/ngwebdriver/1.1.5/ngwebdriver-1.1.5.jar:/Users/jodi/.m2/repository/joda-time/joda-time/2.8.2/joda-time-2.8.2.jar:/Users/jodi/.m2/repository/org/hamcrest/hamcrest/2.2/hamcrest-2.2.jar:/Users/jodi/.m2/repository/com/google/jimfs/jimfs/1.1/jimfs-1.1.jar:/Users/jodi/.m2/repository/org/mockito/mockito-core/3.3.3/mockito-core-3.3.3.jar:/Users/jodi/.m2/repository/org/assertj/assertj-core/3.18.0/assertj-core-3.18.0.jar:/Users/jodi/.m2/repository/javax/xml/bind/jaxb-api/2.3.1/jaxb-api-2.3.1.jar:/Users/jodi/.m2/repository/javax/activation/javax.activation-api/1.2.0/javax.activation-api-1.2.0.jar:/Users/jodi/.m2/repository/com/sun/xml/bind/jaxb-core/2.3.0.1/jaxb-core-2.3.0.1.jar:/Users/jodi/.m2/repository/com/sun/xml/bind/jaxb-impl/2.3.3/jaxb-impl-2.3.3.jar:/Users/jodi/.m2/repository/jakarta/xml/bind/jakarta.xml.bind-api/2.3.3/jakarta.xml.bind-api-2.3.3.jar:/Users/jodi/.m2/repository/com/sun/activation/jakarta.activation/1.2.2/jakarta.activation-1.2.2.jar:/Users/jodi/.m2/repository/javax/activation/activation/1.1.1/activation-1.1.1.jar:/Users/jodi/.m2/repository/net/serenity-bdd/serenity-cucumber6/2.5.8/serenity-cucumber6-2.5.8.jar:/Users/jodi/.m2/repository/net/serenity-bdd/serenity-screenplay/2.5.8/serenity-screenplay-2.5.8.jar:/Users/jodi/.m2/repository/net/serenity-bdd/serenity-screenplay-webdriver/2.5.8/serenity-screenplay-webdriver-2.5.8.jar:/Users/jodi/.m2/repository/io/cucumber/cucumber-junit/6.10.4/cucumber-junit-6.10.4.jar:/Users/jodi/.m2/repository/io/cucumber/datatable-matchers/3.4.0/datatable-matchers-3.4.0.jar:/Users/jodi/.m2/repository/commons-logging/commons-logging/1.2/commons-logging-1.2.jar:/Users/jodi/.m2/repository/org/apache/commons/commons-csv/1.5/commons-csv-1.5.jar:/Users/jodi/.m2/repository/ch/qos/logback/logback-classic/1.4.7/logback-classic-1.4.7.jar:/Users/jodi/.m2/repository/ch/qos/logback/logback-core/1.4.7/logback-core-1.4.7.jar:/Users/jodi/.m2/repository/org/slf4j/slf4j-api/2.0.4/slf4j-api-2.0.4.jar:/Users/jodi/.m2/repository/org/seleniumhq/selenium/selenium-firefox-driver/3.141.59/selenium-firefox-driver-3.141.59.jar:"/>
    <property name="sun.cpu.endian" value="little"/>
    <property name="user.home" value="/Users/jodi"/>
    <property name="user.language" value="en"/>
    <property name="java.specification.vendor" value="Oracle Corporation"/>
    <property name="java.version.date" value="2021-01-19"/>
    <property name="java.home" value="/Library/Java/JavaVirtualMachines/jdk-15.0.2.jdk/Contents/Home"/>
    <property name="file.separator" value="/"/>
    <property name="basedir" value="/Users/jodi/Downloads/Jodi/magento2"/>
    <property name="java.vm.compressedOopsMode" value="Zero based"/>
    <property name="line.separator" value="&#10;"/>
    <property name="java.specification.name" value="Java Platform API Specification"/>
    <property name="java.vm.specification.vendor" value="Oracle Corporation"/>
    <property name="surefire.real.class.path" value="/Users/jodi/Downloads/Jodi/magento2/target/surefire/surefirebooter-20231108221313315_3.jar"/>
    <property name="sun.management.compiler" value="HotSpot 64-Bit Tiered Compilers"/>
    <property name="ftp.nonProxyHosts" value="local|*.local|169.254/16|*.169.254/16"/>
    <property name="java.runtime.version" value="15.0.2+7-27"/>
    <property name="user.name" value="jodi"/>
    <property name="path.separator" value=":"/>
    <property name="os.version" value="10.16"/>
    <property name="java.runtime.name" value="Java(TM) SE Runtime Environment"/>
    <property name="file.encoding" value="UTF-8"/>
    <property name="java.vm.name" value="Java HotSpot(TM) 64-Bit Server VM"/>
    <property name="localRepository" value="/Users/jodi/.m2/repository"/>
    <property name="java.vendor.url.bug" value="https://bugreport.java.com/bugreport/"/>
    <property name="java.io.tmpdir" value="/var/folders/4h/zdnmdsb52xb0hmjzzh394_7h0000gn/T/"/>
    <property name="java.version" value="15.0.2"/>
    <property name="user.dir" value="/Users/jodi/Downloads/Jodi/magento2"/>
    <property name="os.arch" value="x86_64"/>
    <property name="java.vm.specification.name" value="Java Virtual Machine Specification"/>
    <property name="java.library.path" value="/Users/jodi/Library/Java/Extensions:/Library/Java/Extensions:/Network/Library/Java/Extensions:/System/Library/Java/Extensions:/usr/lib/java:."/>
    <property name="java.vm.info" value="mixed mode, sharing"/>
    <property name="java.vendor" value="Oracle Corporation"/>
    <property name="java.vm.version" value="15.0.2+7-27"/>
    <property name="sun.io.unicode.encoding" value="UnicodeBig"/>
    <property name="socksNonProxyHosts" value="local|*.local|169.254/16|*.169.254/16"/>
    <property name="java.class.version" value="59.0"/>
  </properties>
  <testcase name="03. Place an order" classname="Magento Test" time="54.191">
    <system-out><![CDATA[22:13:14.571 [main] DEBUG net.thucydides.core.util.PropertiesFileLocalPreferences -- LOADING LOCAL PROPERTIES FROM /Users/jodi/Downloads/Jodi/magento2/serenity.properties 
22:13:14.592 [main] DEBUG net.thucydides.core.util.PropertiesFileLocalPreferences -- LOADING LOCAL PROPERTIES FROM /Users/jodi/Downloads/Jodi/magento2/serenity.properties 
22:13:14.593 [main] DEBUG net.thucydides.core.util.PropertiesFileLocalPreferences -- LOADING LOCAL PROPERTIES FROM /Users/jodi/Downloads/Jodi/magento2/serenity.properties 
22:13:14.602 [main] DEBUG net.thucydides.core.util.PropertiesFileLocalPreferences -- webdriver.driver=firefox
22:13:14.602 [main] DEBUG net.thucydides.core.util.PropertiesFileLocalPreferences -- serenity.browser.height=768
22:13:14.603 [main] DEBUG net.thucydides.core.util.PropertiesFileLocalPreferences -- serenity.browser.width=1366
22:13:14.603 [main] DEBUG net.thucydides.core.util.PropertiesFileLocalPreferences -- webdriver.base.url=https://magento.softwaretestingboard.com/
22:13:14.603 [main] DEBUG net.thucydides.core.util.PropertiesFileLocalPreferences -- webdriver.wait.for.timeout=60000
22:13:14.603 [main] DEBUG net.thucydides.core.util.PropertiesFileLocalPreferences -- story.timeout.in.secs=3600
22:13:14.603 [main] DEBUG net.thucydides.core.util.PropertiesFileLocalPreferences -- ignore.failures.in.stories=true
22:13:14.603 [main] DEBUG net.thucydides.core.util.PropertiesFileLocalPreferences -- serenity.maintain.session=true
22:13:14.603 [main] DEBUG net.thucydides.core.util.PropertiesFileLocalPreferences -- webdriver.firefox.options.args=-private
22:13:14.603 [main] DEBUG net.thucydides.core.util.PropertiesFileLocalPreferences -- serenity.take.screenshots=AFTER_EACH_STEP
22:13:14.603 [main] DEBUG net.thucydides.core.util.PropertiesFileLocalPreferences -- webdriver.timeouts.implicitlywait=5000
22:13:14.970 [main] INFO io.cucumber.core.plugin.SerenityReporter -- Running feature from file:///Users/jodi/Downloads/Jodi/magento2/src/test/resources/features/magento.feature
22:13:15.269 [main] DEBUG net.thucydides.core.util.PropertiesFileLocalPreferences -- LOADING LOCAL PROPERTIES FROM /Users/jodi/Downloads/Jodi/magento2/serenity.properties 
22:13:15.278 [main] DEBUG net.thucydides.core.util.PropertiesFileLocalPreferences -- LOADING LOCAL PROPERTIES FROM /Users/jodi/Downloads/Jodi/magento2/serenity.properties 
22:13:15.279 [main] DEBUG net.thucydides.core.util.PropertiesFileLocalPreferences -- LOADING LOCAL PROPERTIES FROM /Users/jodi/Downloads/Jodi/magento2/serenity.properties 
22:13:15.279 [main] DEBUG net.thucydides.core.util.PropertiesFileLocalPreferences -- webdriver.driver=firefox
22:13:15.280 [main] DEBUG net.thucydides.core.util.PropertiesFileLocalPreferences -- serenity.browser.height=768
22:13:15.280 [main] DEBUG net.thucydides.core.util.PropertiesFileLocalPreferences -- serenity.browser.width=1366
22:13:15.280 [main] DEBUG net.thucydides.core.util.PropertiesFileLocalPreferences -- webdriver.base.url=https://magento.softwaretestingboard.com/
22:13:15.280 [main] DEBUG net.thucydides.core.util.PropertiesFileLocalPreferences -- webdriver.wait.for.timeout=60000
22:13:15.280 [main] DEBUG net.thucydides.core.util.PropertiesFileLocalPreferences -- story.timeout.in.secs=3600
22:13:15.280 [main] DEBUG net.thucydides.core.util.PropertiesFileLocalPreferences -- ignore.failures.in.stories=true
22:13:15.280 [main] DEBUG net.thucydides.core.util.PropertiesFileLocalPreferences -- serenity.maintain.session=true
22:13:15.280 [main] DEBUG net.thucydides.core.util.PropertiesFileLocalPreferences -- webdriver.firefox.options.args=-private
22:13:15.280 [main] DEBUG net.thucydides.core.util.PropertiesFileLocalPreferences -- serenity.take.screenshots=AFTER_EACH_STEP
22:13:15.280 [main] DEBUG net.thucydides.core.util.PropertiesFileLocalPreferences -- webdriver.timeouts.implicitlywait=5000
22:13:15.290 [main] INFO  -- 

-------------------------------------------------------------------------------------
     _______. _______ .______       _______ .__   __.  __  .___________.____    ____ 
    /       ||   ____||   _  \     |   ____||  \ |  | |  | |           |\   \  /   / 
   |   (----`|  |__   |  |_)  |    |  |__   |   \|  | |  | `---|  |----` \   \/   /  
    \   \    |   __|  |      /     |   __|  |  . `  | |  |     |  |       \_    _/   
.----)   |   |  |____ |  |\  \----.|  |____ |  |\   | |  |     |  |         |  |     
|_______/    |_______|| _| `._____||_______||__| \__| |__|     |__|         |__|    
                                                                                     
 News and tutorials at http://www.serenity-bdd.info                                  
 Documentation at https://wakaleo.gitbooks.io/the-serenity-book/content/             
 Join the Serenity Community on Gitter: https://gitter.im/serenity-bdd/serenity-core 
 Serenity BDD Support and Training at http://serenity-bdd.info/#/trainingandsupport  
-------------------------------------------------------------------------------------

22:13:15.293 [main] DEBUG net.thucydides.core.steps.StepEventBus -- Test suite started for story net.thucydides.core.model.Story@84b51d7
22:13:15.294 [main] INFO  -- Test Suite Started: Magento Test

@TestCase02
Scenario: 03. Place an order                &amp#27;[90m# src/test/resources/features/magento.feature:4&amp#27;[0m
22:13:15.482 [main] INFO io.cucumber.core.plugin.SerenityReporter -- Running feature from file:///Users/jodi/Downloads/Jodi/magento2/src/test/resources/features/magento.feature
22:13:15.491 [main] INFO  -- 
  _____   ___   ___   _____     ___   _____     _     ___   _____   ___   ___  
 |_   _| | __| / __| |_   _|   / __| |_   _|   /_\   | _ \ |_   _| | __| |   \ 
   | |   | _|  \__ \   | |     \__ \   | |    / _ \  |   /   | |   | _|  | |) |
   |_|   |___| |___/   |_|     |___/   |_|   /_/ \_\ |_|_\   |_|   |___| |___/ 

03. Place an order(magento-test;03.-place-an-order)
--------------------------------------------------------------------------------
22:13:15.598 [main] DEBUG net.thucydides.core.requirements.model.cucumber.CucumberParser -- Added feature Magento Test
22:13:16.042 [main] INFO net.serenitybdd.core.webdriver.driverproviders.FirefoxDriverProvider -- Using automatically driver download
22:13:16.565 [main] DEBUG io.github.bonigarcia.wdm.cache.ResolutionCache -- Resolution firefox=118 in cache (valid until 22:37:23 08/11/2023 WIB)
22:13:16.569 [main] DEBUG io.github.bonigarcia.wdm.cache.ResolutionCache -- Resolution firefox118=0.33.0 in cache (valid until 21:37:23 09/11/2023 WIB)
22:13:16.570 [main] INFO io.github.bonigarcia.wdm.WebDriverManager -- Using geckodriver 0.33.0 (resolved driver for Firefox 118)
22:13:16.582 [main] DEBUG io.github.bonigarcia.wdm.WebDriverManager -- Driver geckodriver 0.33.0 found in cache
22:13:16.583 [main] INFO io.github.bonigarcia.wdm.WebDriverManager -- Exporting webdriver.gecko.driver as /Users/jodi/.cache/selenium/geckodriver/mac64/0.33.0/geckodriver
22:13:17.085 [main] INFO net.serenitybdd.core.webdriver.driverproviders.ProvideNewDriver -- Instantiating driver
22:13:17.086 [main] INFO net.serenitybdd.core.webdriver.driverproviders.ProvideNewDriver -- Driver capabilities: Capabilities {acceptInsecureCerts: true, base.url: https://magento.softwaretes..., browserName: firefox, driver: firefox, firefox.options.args: -private, firefox_profile: org.openqa.selenium.firefox..., headless: false, loggingPrefs: org.openqa.selenium.logging..., marionette: true, moz:firefoxOptions: {args: [], profile: UEsDBBQACAgIAKixaFcAAAAAAAA...}, timeouts.implicitlywait: 5000, wait.for.timeout: 60000}
  &amp#27;[32mGiven &amp#27;[0m&amp#27;[32muser on listing product page&amp#27;[0m        &amp#27;[90m# Test.Tests.magentoTests.user_on_listing_product_page()&amp#27;[0m
22:13:35.450 [main] DEBUG net.serenitybdd.core.photography.Darkroom -- Opening darkroom
22:13:35.455 [Darkroom Processing Line] DEBUG net.serenitybdd.core.photography.DarkroomProcessingLine -- Darkroom processing line starting up
22:13:36.394 [main] DEBUG net.serenitybdd.core.photography.Darkroom -- Send negative for processing for target/site/serenity/20a33195a8dabc7c546a3d251f761bcf6b289c4b3cec11691223045a91a785e5.png
22:13:36.397 [Darkroom Processing Line] DEBUG net.serenitybdd.core.photography.DarkroomProcessingLine -- Processing screenshot image in /var/screenshots/screenshot-2928934597816808138
22:13:36.398 [Darkroom Processing Line] DEBUG net.serenitybdd.core.photography.DarkroomProcessingLine -- Saving screenshot to target/site/serenity/20a33195a8dabc7c546a3d251f761bcf6b289c4b3cec11691223045a91a785e5.png
  &amp#27;[32mWhen &amp#27;[0m&amp#27;[32muser add &amp#27;[0m&amp#27;[32m&amp#27;[1m3&amp#27;[0m&amp#27;[32m jackets into cart&amp#27;[0m         &amp#27;[90m# Test.Tests.magentoTests.user_add_jackets_into_cart(java.lang.Integer)&amp#27;[0m
22:13:45.836 [main] DEBUG net.serenitybdd.core.photography.Darkroom -- Send negative for processing for target/site/serenity/a449b7ccb699cc946a76e73651cf2c1f878bcecc61e26b2940eef1e68b7c3040.png
22:13:45.837 [Darkroom Processing Line] DEBUG net.serenitybdd.core.photography.DarkroomProcessingLine -- Processing screenshot image in /var/screenshots/screenshot-5160822074736521659
22:13:45.837 [Darkroom Processing Line] DEBUG net.serenitybdd.core.photography.DarkroomProcessingLine -- Saving screenshot to target/site/serenity/a449b7ccb699cc946a76e73651cf2c1f878bcecc61e26b2940eef1e68b7c3040.png
  &amp#27;[32m* &amp#27;[0m&amp#27;[32muser processed checkout&amp#27;[0m                 &amp#27;[90m# Test.Tests.magentoTests.user_processed_checkout()&amp#27;[0m
22:13:50.444 [main] DEBUG net.serenitybdd.core.photography.Darkroom -- Send negative for processing for target/site/serenity/b8d8ee276f9c0e0c45dfd80f60da8880661bfd58e0428c987aead90817ee2659.png
22:13:50.445 [Darkroom Processing Line] DEBUG net.serenitybdd.core.photography.DarkroomProcessingLine -- Processing screenshot image in /var/screenshots/screenshot-1730965532180695341
22:13:50.446 [Darkroom Processing Line] DEBUG net.serenitybdd.core.photography.DarkroomProcessingLine -- Saving screenshot to target/site/serenity/b8d8ee276f9c0e0c45dfd80f60da8880661bfd58e0428c987aead90817ee2659.png
  &amp#27;[32m* &amp#27;[0m&amp#27;[32muser fill out address&amp#27;[0m                   &amp#27;[90m# Test.Tests.magentoTests.user_fill_out_address()&amp#27;[0m
22:13:54.463 [main] DEBUG net.serenitybdd.core.photography.Darkroom -- Send negative for processing for target/site/serenity/3a4143f3ec023191c50137d4bddf448ece830fb8cc2527cbce28ff1e1543b9a4.png
22:13:54.465 [Darkroom Processing Line] DEBUG net.serenitybdd.core.photography.DarkroomProcessingLine -- Processing screenshot image in /var/screenshots/screenshot-8741796234226154256
22:13:54.465 [Darkroom Processing Line] DEBUG net.serenitybdd.core.photography.DarkroomProcessingLine -- Saving screenshot to target/site/serenity/3a4143f3ec023191c50137d4bddf448ece830fb8cc2527cbce28ff1e1543b9a4.png
  &amp#27;[32m* &amp#27;[0m&amp#27;[32muser placed order&amp#27;[0m                       &amp#27;[90m# Test.Tests.magentoTests.user_placed_order()&amp#27;[0m
22:13:59.372 [main] DEBUG net.serenitybdd.core.photography.Darkroom -- Send negative for processing for target/site/serenity/697ba7d66c1c3466cb6351c5417334beb6108a9bd6df2aab3391fb2c9e759821.png
22:13:59.373 [Darkroom Processing Line] DEBUG net.serenitybdd.core.photography.DarkroomProcessingLine -- Processing screenshot image in /var/screenshots/screenshot-6025678881938597251
22:13:59.373 [Darkroom Processing Line] DEBUG net.serenitybdd.core.photography.DarkroomProcessingLine -- Saving screenshot to target/site/serenity/697ba7d66c1c3466cb6351c5417334beb6108a9bd6df2aab3391fb2c9e759821.png
  &amp#27;[32mThen &amp#27;[0m&amp#27;[32morder should be successfully created&amp#27;[0m &amp#27;[90m# Test.Tests.magentoTests.order_should_be_successfully_created()&amp#27;[0m
22:14:08.323 [main] DEBUG net.serenitybdd.core.photography.Darkroom -- Send negative for processing for target/site/serenity/20f244f4a8cb243004010f6d5fe038783eb716e35dae056f26f538b1586e0daa.png
22:14:08.324 [Darkroom Processing Line] DEBUG net.serenitybdd.core.photography.DarkroomProcessingLine -- Processing screenshot image in /var/screenshots/screenshot-12847779247200954431
22:14:08.324 [Darkroom Processing Line] DEBUG net.serenitybdd.core.photography.DarkroomProcessingLine -- Saving screenshot to target/site/serenity/20f244f4a8cb243004010f6d5fe038783eb716e35dae056f26f538b1586e0daa.png
22:14:08.348 [main] INFO  -- 
  _____   ___   ___   _____     ___     _     ___   ___   ___   ___  
 |_   _| | __| / __| |_   _|   | _ \   /_\   / __| / __| | __| |   \ 
   | |   | _|  \__ \   | |     |  _/  / _ \  \__ \ \__ \ | _|  | |) |
   |_|   |___| |___/   |_|     |_|   /_/ \_\ |___/ |___/ |___| |___/ 

03. Place an order
----------------------------------------------------------------------
]]></system-out>
    <system-err><![CDATA[Nov 08, 2023 10:13:16 PM org.openqa.selenium.remote.DesiredCapabilities firefox
INFO: Using `new FirefoxOptions()` is preferred to `DesiredCapabilities.firefox()`
1699456397213	geckodriver	INFO	Listening on 127.0.0.1:10276
1699456397663	mozrunner::runner	INFO	Running command: MOZ_CRASHREPORTER="1" MOZ_CRASHREPORTER_NO_REPORT="1" MOZ_CRASHREPORTER_SHUTDOWN="1" MOZ_NO_REMOTE="1" "/App ... "--marionette" "-foreground" "-no-remote" "-profile" "/var/folders/4h/zdnmdsb52xb0hmjzzh394_7h0000gn/T/rust_mozprofile2KSh7L"
console.warn: services.settings: Ignoring preference override of remote settings server
console.warn: services.settings: Allow by setting MOZ_REMOTE_SETTINGS_DEVTOOLS=1 in the environment
1699456400851	Marionette	INFO	Marionette enabled
1699456401888	Marionette	INFO	Listening on port 63284
Read port: 63284
1699456402469	RemoteAgent	WARN	TLS certificate errors will be ignored for this session
Nov 08, 2023 10:13:25 PM org.openqa.selenium.remote.ProtocolHandshake createSession
INFO: Detected dialect: W3C
console.warn: LoginRecipes: "Falling back to a synchronous message for: https://magento.softwaretestingboard.com."
console.warn: LoginRecipes: "Falling back to a synchronous message for: https://magento.softwaretestingboard.com."
console.warn: LoginRecipes: "Falling back to a synchronous message for: https://magento.softwaretestingboard.com."
console.warn: LoginRecipes: "Falling back to a synchronous message for: https://magento.softwaretestingboard.com."
console.warn: LoginRecipes: "Falling back to a synchronous message for: https://magento.softwaretestingboard.com."
console.warn: LoginRecipes: "Falling back to a synchronous message for: https://magento.softwaretestingboard.com."
console.warn: LoginRecipes: "Falling back to a synchronous message for: https://magento.softwaretestingboard.com."
console.warn: LoginRecipes: "Falling back to a synchronous message for: https://magento.softwaretestingboard.com."
JavaScript error: https://magento.softwaretestingboard.com/pub/static/version1695896754/frontend/Magento/luma/en_US/Magento_Customer/js/customer-data.js, line 1: Error: [object Object]
JavaScript error: https://magento.softwaretestingboard.com/pub/static/version1695896754/frontend/Magento/luma/en_US/requirejs/require.js, line 16: Error: Script error for: Magento_Ui/js/core/renderer/types
http://requirejs.org/docs/errors.html#scripterror
JavaScript error: https://magento.softwaretestingboard.com/pub/static/version1695896754/frontend/Magento/luma/en_US/requirejs/require.js, line 16: Error: Script error for: Magento_Ui/js/core/renderer/layout
http://requirejs.org/docs/errors.html#scripterror
JavaScript error: https://magento.softwaretestingboard.com/pub/static/version1695896754/frontend/Magento/luma/en_US/requirejs/require.js, line 16: Error: Script error for: Magento_Catalog/js/catalog-add-to-cart
http://requirejs.org/docs/errors.html#scripterror
JavaScript error: https://magento.softwaretestingboard.com/pub/static/version1695896754/frontend/Magento/luma/en_US/requirejs/require.js, line 16: Error: Script error for: Magento_ConfigurableProduct/js/catalog-add-to-cart-mixin
http://requirejs.org/docs/errors.html#scripterror
JavaScript error: https://magento.softwaretestingboard.com/pub/static/version1695896754/frontend/Magento/luma/en_US/requirejs/require.js, line 16: Error: Script error for: Magento_Checkout/js/action/get-totals
http://requirejs.org/docs/errors.html#scripterror
JavaScript error: https://magento.softwaretestingboard.com/pub/static/version1695896754/frontend/Magento/luma/en_US/requirejs/require.js, line 16: Error: Script error for: Magento_Customer/js/model/customer-addresses
http://requirejs.org/docs/errors.html#scripterror
JavaScript error: https://magento.softwaretestingboard.com/pub/static/version1695896754/frontend/Magento/luma/en_US/requirejs/require.js, line 16: Error: Script error for: Amazon_Payment/js/amazon-widgets-loader
http://requirejs.org/docs/errors.html#scripterror
JavaScript error: https://magento.softwaretestingboard.com/pub/static/version1695896754/frontend/Magento/luma/en_US/requirejs/require.js, line 16: Error: Script error for: Magento_SalesRule/js/model/coupon
http://requirejs.org/docs/errors.html#scripterror
JavaScript error: https://magento.softwaretestingboard.com/pub/static/version1695896754/frontend/Magento/luma/en_US/requirejs/require.js, line 16: Error: Script error for: Magento_SalesRule/js/model/payment/discount-messages
http://requirejs.org/docs/errors.html#scripterror
JavaScript error: https://magento.softwaretestingboard.com/pub/static/version1695896754/frontend/Magento/luma/en_US/requirejs/require.js, line 16: Error: Script error for: Magento_Checkout/js/action/set-payment-information-extended
http://requirejs.org/docs/errors.html#scripterror
JavaScript error: https://magento.softwaretestingboard.com/pub/static/version1695896754/frontend/Magento/luma/en_US/Magento_Customer/js/customer-data.js, line 1: Error: [object Object]
JavaScript error: https://magento.softwaretestingboard.com/pub/static/version1695896754/frontend/Magento/luma/en_US/Magento_Customer/js/customer-data.js, line 1: Error: [object Object]
JavaScript error: https://magento.softwaretestingboard.com/pub/static/version1695896754/frontend/Magento/luma/en_US/requirejs/require.js, line 16: Error: Script error for: Magento_Ui/js/lib/logger/entry-factory
http://requirejs.org/docs/errors.html#scripterror
JavaScript error: https://magento.softwaretestingboard.com/pub/static/version1695896754/frontend/Magento/luma/en_US/requirejs/require.js, line 16: Error: Script error for: Magento_Ui/js/lib/logger/console-output-handler
http://requirejs.org/docs/errors.html#scripterror
JavaScript error: https://magento.softwaretestingboard.com/pub/static/version1695896754/frontend/Magento/luma/en_US/requirejs/require.js, line 16: Error: Script error for: mage/utils/arrays
http://requirejs.org/docs/errors.html#scripterror
JavaScript error: https://magento.softwaretestingboard.com/pub/static/version1695896754/frontend/Magento/luma/en_US/requirejs/require.js, line 16: Error: Script error for: mage/utils/compare
http://requirejs.org/docs/errors.html#scripterror
JavaScript error: https://magento.softwaretestingboard.com/pub/static/version1695896754/frontend/Magento/luma/en_US/requirejs/require.js, line 16: Error: Script error for: mage/utils/misc
http://requirejs.org/docs/errors.html#scripterror
JavaScript error: https://magento.softwaretestingboard.com/pub/static/version1695896754/frontend/Magento/luma/en_US/requirejs/require.js, line 16: Error: Script error for: mage/utils/objects
http://requirejs.org/docs/errors.html#scripterror
JavaScript error: https://magento.softwaretestingboard.com/pub/static/version1695896754/frontend/Magento/luma/en_US/requirejs/require.js, line 16: Error: Script error for: mage/utils/strings
http://requirejs.org/docs/errors.html#scripterror
JavaScript error: https://magento.softwaretestingboard.com/pub/static/version1695896754/frontend/Magento/luma/en_US/requirejs/require.js, line 16: Error: Script error for: mage/utils/template
http://requirejs.org/docs/errors.html#scripterror
JavaScript error: https://magento.softwaretestingboard.com/pub/static/version1695896754/frontend/Magento/luma/en_US/requirejs/require.js, line 16: Error: Script error for: Magento_Ui/js/lib/logger/formatter
http://requirejs.org/docs/errors.html#scripterror
JavaScript error: https://magento.softwaretestingboard.com/pub/static/version1695896754/frontend/Magento/luma/en_US/requirejs/require.js, line 16: Error: Script error for: Magento_Ui/js/lib/knockout/template/loader
http://requirejs.org/docs/errors.html#scripterror
JavaScript error: https://magento.softwaretestingboard.com/pub/static/version1695896754/frontend/Magento/luma/en_US/requirejs/require.js, line 16: Error: Script error for: Magento_Ui/js/lib/logger/logger-utils
http://requirejs.org/docs/errors.html#scripterror
JavaScript error: https://magento.softwaretestingboard.com/pub/static/version1695896754/frontend/Magento/luma/en_US/requirejs/require.js, line 16: Error: Script error for: Magento_Ui/js/lib/view/utils/bindings
http://requirejs.org/docs/errors.html#scripterror
JavaScript error: https://magento.softwaretestingboard.com/pub/static/version1695896754/frontend/Magento/luma/en_US/requirejs/require.js, line 16: Error: Script error for: Magento_Ui/js/lib/logger/levels-pool
http://requirejs.org/docs/errors.html#scripterror
JavaScript error: https://magento.softwaretestingboard.com/pub/static/version1695896754/frontend/Magento/luma/en_US/requirejs/require.js, line 16: Error: Script error for: Magento_Ui/js/lib/view/utils/dom-observer
http://requirejs.org/docs/errors.html#scripterror
1699456448487	Marionette	INFO	Stopped listening on port 63284
JavaScript warning: https://magento.softwaretestingboard.com/pub/static/version1695896754/frontend/Magento/luma/en_US/knockoutjs/knockout.js, line 248: Script terminated by timeout at:
isEndComment@https://magento.softwaretestingboard.com/pub/static/version1695896754/frontend/Magento/luma/en_US/knockoutjs/knockout.js:248:29
firstChild@https://magento.softwaretestingboard.com/pub/static/version1695896754/frontend/Magento/luma/en_US/knockoutjs/knockout.js:272:46
applyBindingsToDescendantsInternal@https://magento.softwaretestingboard.com/pub/static/version1695896754/frontend/Magento/luma/en_US/knockoutjs/knockout.js:294:178
ko.applyBindingsToDescendants@https://magento.softwaretestingboard.com/pub/static/version1695896754/frontend/Magento/luma/en_US/knockoutjs/knockout.js:319:35
makeWithIfBinding/init/<@https://magento.softwaretestingboard.com/pub/static/version1695896754/frontend/Magento/luma/en_US/knockoutjs/knockout.js:377:4
evaluateImmediate_CallReadThenEndDependencyDetection@https://magento.softwaretestingboard.com/pub/static/version1695896754/frontend/Magento/luma/en_US/knockoutjs/knockout.js:207:240
evaluateImmediate_CallReadWithDependencyDetection@https://magento.softwaretestingboard.com/pub/static/version1695896754/frontend/Magento/luma/en_US/knockoutjs/knockout.js:203:626
evaluateImmediate@https://magento.softwaretestingboard.com/pub/static/version1695896754/frontend/Magento/luma/en_US/knockoutjs/knockout.js:201:46
ko.dependentObservable@https://magento.softwaretestingboard.com/pub/static/version1695896754/frontend/Magento/luma/en_US/knockoutjs/knockout.js:192:71
init@https://magento.softwaretestingboard.com/pub/static/version1695896754/frontend/Magento/luma/en_US/knockoutjs/knockout.js:375:669
applyBindingsToNodeInternal/</<@https://magento.softwaretestingboard.com/pub/static/version1695896754/frontend/Magento/luma/en_US/knockoutjs/knockout.js:311:111
ignore@https://magento.softwaretestingboard.com/pub/static/version1695896754/frontend/Magento/luma/en_US/knockoutjs/knockout.js:139:268
applyBindingsToNodeInternal/<@https://magento.softwaretestingboard.com/pub/static/version1695896754/frontend/Magento/luma/en_US/knockoutjs/knockout.js:311:65
arrayForEach@https://magento.softwaretestingboard.com/pub/static/version1695896754/frontend/Magento/luma/en_US/knockoutjs/knockout.js:16:7
applyBindingsToNodeInternal@https://magento.softwaretestingboard.com/pub/static/version1695896754/frontend/Magento/luma/en_US/knockoutjs/knockout.js:310:224
applyBindingsToNodeAndDescendantsInternal@https://magento.softwaretestingboard.com/pub/static/version1695896754/frontend/Magento/luma/en_US/knockoutjs/knockout.js:299:23
applyBindingsToDescendantsInternal@https://magento.softwaretestingboard.com/pub/static/version1695896754/frontend/Magento/luma/en_US/knockoutjs/knockout.js:296:131
ko.applyBindingsToDescendants@https://magento.softwaretestingboard.com/pub/static/version1695896754/frontend/Magento/luma/en_US/knockoutjs/knockout.js:319:35
applyComponents@https://magento.softwaretestingboard.com/pub/static/version1695896754/frontend/Magento/luma/en_US/Magento_Ui/js/lib/knockout/bindings/scope.js:1:393
_resolveRequest@https://magento.softwaretestingboard.com/pub/static/version1695896754/frontend/Magento/luma/en_US/Magento_Ui/js/lib/registry/registry.js:16:439
_updateRequests@https://magento.softwaretestingboard.com/pub/static/version1695896754/frontend/Magento/luma/en_US/Magento_Ui/js/lib/registry/registry.js:16:235
later@https://magento.softwaretestingboard.com/pub/static/version1695896754/frontend/Magento/luma/en_US/underscore.js:41:255

]]></system-err>
  </testcase>
</testsuite>